<?xml version="1.0" encoding="UTF-8"?>
<testng-results ignored="0" total="1" passed="1" failed="0" skipped="0">
  <reporter-output>
  </reporter-output>
  <suite started-at="2022-07-27T17:25:56 EDT" name="Default suite" finished-at="2022-07-27T17:26:10 EDT" duration-ms="14161">
    <groups>
    </groups>
    <test started-at="2022-07-27T17:25:56 EDT" name="Default test" finished-at="2022-07-27T17:26:10 EDT" duration-ms="14161">
      <class name="testng.SampleTestng">
        <test-method signature="loginPage()[pri:0, instance:testng.SampleTestng@36916eb0]" started-at="2022-07-27T17:25:56 EDT" name="loginPage" finished-at="2022-07-27T17:26:10 EDT" duration-ms="14112" status="PASS">
          <reporter-output>
          </reporter-output>
        </test-method> <!-- loginPage -->
      </class> <!-- testng.SampleTestng -->
    </test> <!-- Default test -->
  </suite> <!-- Default suite -->
</testng-results>
